<?xml version="1.0" encoding="UTF-8"?>
<!-- Generated by org.testng.reporters.JUnitXMLReporter -->
<testsuite ignored="0" hostname="PNQW4FS4-AKJOSH" failures="1" tests="1" name="Test" time="21.628" errors="0" timestamp="2021-12-22T18:16:32 IST">
  <testcase classname="com.guru99.tests.LoginTests" name="verifyLoginFunctionality" time="2.218">
    <failure type="java.lang.AssertionError" message="expected [Guru99 Bank Manager HomePage] but found [Guru99 Bank Manager Home Page]">
      <![CDATA[java.lang.AssertionError: expected [Guru99 Bank Manager HomePage] but found [Guru99 Bank Manager Home Page]
at com.guru99.tests.LoginTests.verifyLoginFunctionality(LoginTests.java:29)
at java.base/java.util.ArrayList.forEach(ArrayList.java:1541)
... Removed 32 stack frames]]>
    </failure>
  </testcase> <!-- verifyLoginFunctionality -->
</testsuite> <!-- Test -->
